<?xml version="1.0" encoding="UTF-8"?>
<testng-results ignored="0" total="1" passed="1" failed="0" skipped="0">
  <reporter-output>
    <line>
      <![CDATA[openBrowser]]>
    </line>
    <line>
      <![CDATA[Login]]>
    </line>
    <line>
      <![CDATA[CreateCustomer]]>
    </line>
    <line>
      <![CDATA[Logout]]>
    </line>
    <line>
      <![CDATA[closeBrowser]]>
    </line>
  </reporter-output>
  <suite started-at="2022-10-04T23:01:44 IST" name="Default suite" finished-at="2022-10-04T23:02:17 IST" duration-ms="32628">
    <groups>
    </groups>
    <test started-at="2022-10-04T23:01:44 IST" name="Default test" finished-at="2022-10-04T23:02:17 IST" duration-ms="32628">
      <class name="com.actitime.testscript.CustomerModule">
        <test-method is-config="true" signature="openBrowser()[pri:0, instance:com.actitime.testscript.CustomerModule@41fbdac4]" started-at="2022-10-04T23:01:44 IST" name="openBrowser" finished-at="2022-10-04T23:01:47 IST" duration-ms="3264" status="PASS">
          <reporter-output>
            <line>
              <![CDATA[openBrowser]]>
            </line>
          </reporter-output>
        </test-method> <!-- openBrowser -->
        <test-method is-config="true" signature="beforeMethod()[pri:0, instance:com.actitime.testscript.CustomerModule@41fbdac4]" started-at="2022-10-04T23:01:47 IST" name="beforeMethod" finished-at="2022-10-04T23:02:01 IST" duration-ms="13547" status="PASS">
          <reporter-output>
            <line>
              <![CDATA[Login]]>
            </line>
          </reporter-output>
        </test-method> <!-- beforeMethod -->
        <test-method signature="testCreateCustomer()[pri:0, instance:com.actitime.testscript.CustomerModule@41fbdac4]" started-at="2022-10-04T23:02:01 IST" name="testCreateCustomer" finished-at="2022-10-04T23:02:15 IST" duration-ms="14028" status="PASS">
          <reporter-output>
            <line>
              <![CDATA[CreateCustomer]]>
            </line>
          </reporter-output>
        </test-method> <!-- testCreateCustomer -->
        <test-method is-config="true" signature="afterMethod()[pri:0, instance:com.actitime.testscript.CustomerModule@41fbdac4]" started-at="2022-10-04T23:02:15 IST" name="afterMethod" finished-at="2022-10-04T23:02:16 IST" duration-ms="1489" status="PASS">
          <reporter-output>
            <line>
              <![CDATA[Logout]]>
            </line>
          </reporter-output>
        </test-method> <!-- afterMethod -->
        <test-method is-config="true" signature="closeBrowser()[pri:0, instance:com.actitime.testscript.CustomerModule@41fbdac4]" started-at="2022-10-04T23:02:16 IST" name="closeBrowser" finished-at="2022-10-04T23:02:17 IST" duration-ms="206" status="PASS">
          <reporter-output>
            <line>
              <![CDATA[closeBrowser]]>
            </line>
          </reporter-output>
        </test-method> <!-- closeBrowser -->
      </class> <!-- com.actitime.testscript.CustomerModule -->
    </test> <!-- Default test -->
  </suite> <!-- Default suite -->
</testng-results>
