<?xml version="1.0" encoding="UTF-8"?>
<testng-results ignored="0" total="1" passed="1" failed="0" skipped="0">
  <reporter-output>
    <line>
      <![CDATA[openBrowser]]>
    </line>
    <line>
      <![CDATA[Login]]>
    </line>
    <line>
      <![CDATA[CreateCustomer]]>
    </line>
    <line>
      <![CDATA[Logout]]>
    </line>
    <line>
      <![CDATA[closeBrowser]]>
    </line>
  </reporter-output>
  <suite started-at="2022-11-08T23:40:54 IST" name="Default suite" finished-at="2022-11-08T23:41:25 IST" duration-ms="31251">
    <groups>
    </groups>
    <test started-at="2022-11-08T23:40:54 IST" name="Default test" finished-at="2022-11-08T23:41:25 IST" duration-ms="31251">
      <class name="com.actitime.testscript.CustomerModule">
        <test-method is-config="true" signature="openBrowser()[pri:0, instance:com.actitime.testscript.CustomerModule@41fbdac4]" started-at="2022-11-08T23:40:54 IST" name="openBrowser" finished-at="2022-11-08T23:40:56 IST" duration-ms="2226" status="PASS">
          <reporter-output>
            <line>
              <![CDATA[openBrowser]]>
            </line>
          </reporter-output>
        </test-method> <!-- openBrowser -->
        <test-method is-config="true" signature="beforeMethod()[pri:0, instance:com.actitime.testscript.CustomerModule@41fbdac4]" started-at="2022-11-08T23:40:56 IST" name="beforeMethod" finished-at="2022-11-08T23:41:10 IST" duration-ms="13839" status="PASS">
          <reporter-output>
            <line>
              <![CDATA[Login]]>
            </line>
          </reporter-output>
        </test-method> <!-- beforeMethod -->
        <test-method signature="testCreateCustomer()[pri:0, instance:com.actitime.testscript.CustomerModule@41fbdac4]" started-at="2022-11-08T23:41:10 IST" name="testCreateCustomer" finished-at="2022-11-08T23:41:23 IST" duration-ms="13112" status="PASS">
          <reporter-output>
            <line>
              <![CDATA[CreateCustomer]]>
            </line>
          </reporter-output>
        </test-method> <!-- testCreateCustomer -->
        <test-method is-config="true" signature="afterMethod()[pri:0, instance:com.actitime.testscript.CustomerModule@41fbdac4]" started-at="2022-11-08T23:41:23 IST" name="afterMethod" finished-at="2022-11-08T23:41:25 IST" duration-ms="1750" status="PASS">
          <reporter-output>
            <line>
              <![CDATA[Logout]]>
            </line>
          </reporter-output>
        </test-method> <!-- afterMethod -->
        <test-method is-config="true" signature="closeBrowser()[pri:0, instance:com.actitime.testscript.CustomerModule@41fbdac4]" started-at="2022-11-08T23:41:25 IST" name="closeBrowser" finished-at="2022-11-08T23:41:25 IST" duration-ms="249" status="PASS">
          <reporter-output>
            <line>
              <![CDATA[closeBrowser]]>
            </line>
          </reporter-output>
        </test-method> <!-- closeBrowser -->
      </class> <!-- com.actitime.testscript.CustomerModule -->
    </test> <!-- Default test -->
  </suite> <!-- Default suite -->
</testng-results>
